/home/halsaied/miniconda2/lib/python2.7/site-packages/h5py/__init__.py:36: FutureWarning: Conversion of the second argument of issubdtype from `float` to `np.floating` is deprecated. In future, it will be treated as `np.float64 == np.dtype(float).type`.
  from ._conv import register_converters as _register_converters
Using Theano backend.
Can not use cuDNN on context None: cannot compile with cuDNN. We got this error:
/tmp/try_flags_mUKjBV.c:4:10: fatal error: cudnn.h: No such file or directory
 #include <cudnn.h>
          ^~~~~~~~~
compilation terminated.

Preallocating 10869/11441 Mb (0.950000) on cuda
Mapped name None to device cuda: Tesla K40m (0000:03:00.0)
/home/halsaied/NNIdenSys/src/vocabulary.py:328: UnicodeWarning: Unicode equal comparison failed to convert both arguments to Unicode - interpreting them as being unequal
  if item in corpusTokens:
Traceback (most recent call last):
  File "src/xpNonCompo.py", line 348, in <module>
    configuration["model"]["train"]["favorisationCoeff"] = 10
  File "src/xpNonCompo.py", line 331, in exploreLearning2
    xpMinimal()
  File "src/xpNonCompo.py", line 246, in xpMinimal
    xp(langs=langs, train=train, xpNum=xpNum, title=title, initSeed=initSeed)
  File "/home/halsaied/NNIdenSys/src/identification.py", line 46, in xp
    reports.createHeader(lang + ': ' + title)
  File "/home/halsaied/NNIdenSys/src/identification.py", line 82, in identify
    corpus = Corpus(lang)
  File "/home/halsaied/NNIdenSys/src/identification.py", line 114, in parseAndTrain
    network = modelNonCompo.Network(normalizer)
  File "/home/halsaied/NNIdenSys/src/modelNonCompo.py", line 184, in train
    sample_weight=sampleWeights)
  File "/home/halsaied/miniconda2/lib/python2.7/site-packages/keras/engine/training.py", line 1682, in fit
    self._make_train_function()
  File "/home/halsaied/miniconda2/lib/python2.7/site-packages/keras/engine/training.py", line 999, in _make_train_function
    **self._function_kwargs)
  File "/home/halsaied/miniconda2/lib/python2.7/site-packages/keras/backend/theano_backend.py", line 1248, in function
    return Function(inputs, outputs, updates=updates, **kwargs)
  File "/home/halsaied/miniconda2/lib/python2.7/site-packages/keras/backend/theano_backend.py", line 1234, in __init__
    **kwargs)
  File "/home/halsaied/miniconda2/lib/python2.7/site-packages/theano/compile/function.py", line 317, in function
    output_keys=output_keys)
  File "/home/halsaied/miniconda2/lib/python2.7/site-packages/theano/compile/pfunc.py", line 486, in pfunc
    output_keys=output_keys)
  File "/home/halsaied/miniconda2/lib/python2.7/site-packages/theano/compile/function_module.py", line 1841, in orig_function
    fn = m.create(defaults)
  File "/home/halsaied/miniconda2/lib/python2.7/site-packages/theano/compile/function_module.py", line 1715, in create
    input_storage=input_storage_lists, storage_map=storage_map)
  File "/home/halsaied/miniconda2/lib/python2.7/site-packages/theano/gof/link.py", line 699, in make_thunk
    storage_map=storage_map)[:3]
  File "/home/halsaied/miniconda2/lib/python2.7/site-packages/theano/gof/vm.py", line 1084, in make_all
    impl=impl))
  File "/home/halsaied/miniconda2/lib/python2.7/site-packages/theano/gof/op.py", line 955, in make_thunk
    no_recycling)
  File "/home/halsaied/miniconda2/lib/python2.7/site-packages/theano/gof/op.py", line 858, in make_c_thunk
    output_storage=node_output_storage)
  File "/home/halsaied/miniconda2/lib/python2.7/site-packages/theano/gof/cc.py", line 1217, in make_thunk
    keep_lock=keep_lock)
  File "/home/halsaied/miniconda2/lib/python2.7/site-packages/theano/gof/cc.py", line 1157, in __compile__
    keep_lock=keep_lock)
  File "/home/halsaied/miniconda2/lib/python2.7/site-packages/theano/gof/cc.py", line 1620, in cthunk_factory
    key=key, lnk=self, keep_lock=keep_lock)
  File "/home/halsaied/miniconda2/lib/python2.7/site-packages/theano/gof/cmodule.py", line 1133, in module_from_key
    module = self._get_from_key(key)
  File "/home/halsaied/miniconda2/lib/python2.7/site-packages/theano/gof/cmodule.py", line 1032, in _get_from_key
    return self._get_module(name)
  File "/home/halsaied/miniconda2/lib/python2.7/site-packages/theano/gof/cmodule.py", line 705, in _get_module
    self.module_from_name[name] = dlimport(name)
  File "/home/halsaied/miniconda2/lib/python2.7/site-packages/theano/gof/cmodule.py", line 302, in dlimport
    rval = __import__(module_name, {}, {}, [module_name])
ImportError: ('The following error happened while compiling the node', Elemwise{sub,no_inplace}(TensorConstant{1.0}, Adamax/beta_1), '\n', 'No module named tmpndOzfV.205d49e26dd73f18bf4a20a9d1c4aa81b6994ce96a82880385388405e9519052')
